<?xml version='1.0' encoding='UTF-8'?>
<testsuite hostname="Szes-MacBook-Pro.local" name="ziomicroservices.challenge.controller.ChallengeControllerTest" tests="4" errors="0" failures="0" skipped="0" time="0.706" timestamp="2024-09-21T21:06:10">
          <properties>
[...]
</properties>
          <testcase classname="ziomicroservices.challenge.controller.ChallengeControllerTest" name="Test Challenge Controller - Controller should return False when validating challenge attempt" time="0.162">
                      
                    </testcase><testcase classname="ziomicroservices.challenge.controller.ChallengeControllerTest" name="Test Challenge Controller - Get result of a previous attempt" time="0.181">
                      
                    </testcase><testcase classname="ziomicroservices.challenge.controller.ChallengeControllerTest" name="Test Challenge Controller - Controller should return True when validating challenge attempt" time="0.175">
                      
                    </testcase><testcase classname="ziomicroservices.challenge.controller.ChallengeControllerTest" name="Test Challenge Controller - Get attempts of users" time="0.188">
                      
                    </testcase>
          <system-out><![CDATA[]]></system-out>
          <system-err><![CDATA[]]></system-err>
        </testsuite>